Performing C SOURCE FILE Test CMAKE_HAVE_LIBC_PTHREAD failed with the following output:
Change Dir: /home/thinh/nexus_4wd_mecanum_simulator/src/nexus_4wd_mecanum_description/.obj-x86_64-linux-gnu/CMakeFiles/CMakeTmp

Run Build Command(s):/usr/bin/make cmTC_0f350/fast && make[2]: Entering directory '/home/thinh/nexus_4wd_mecanum_simulator/src/nexus_4wd_mecanum_description/.obj-x86_64-linux-gnu/CMakeFiles/CMakeTmp'
/usr/bin/make -f CMakeFiles/cmTC_0f350.dir/build.make CMakeFiles/cmTC_0f350.dir/build
make[3]: Entering directory '/home/thinh/nexus_4wd_mecanum_simulator/src/nexus_4wd_mecanum_description/.obj-x86_64-linux-gnu/CMakeFiles/CMakeTmp'
Building C object CMakeFiles/cmTC_0f350.dir/src.c.o
/usr/bin/cc   -g -O2 -fdebug-prefix-map=/home/thinh/nexus_4wd_mecanum_simulator/src/nexus_4wd_mecanum_description=. -fstack-protector-strong -Wformat -Werror=format-security -Wdate-time -D_FORTIFY_SOURCE=2 -DCMAKE_HAVE_LIBC_PTHREAD   -o CMakeFiles/cmTC_0f350.dir/src.c.o   -c /home/thinh/nexus_4wd_mecanum_simulator/src/nexus_4wd_mecanum_description/.obj-x86_64-linux-gnu/CMakeFiles/CMakeTmp/src.c
Linking C executable cmTC_0f350
/usr/bin/cmake -E cmake_link_script CMakeFiles/cmTC_0f350.dir/link.txt --verbose=1
/usr/bin/cc -g -O2 -fdebug-prefix-map=/home/thinh/nexus_4wd_mecanum_simulator/src/nexus_4wd_mecanum_description=. -fstack-protector-strong -Wformat -Werror=format-security -Wdate-time -D_FORTIFY_SOURCE=2 -DCMAKE_HAVE_LIBC_PTHREAD    -rdynamic CMakeFiles/cmTC_0f350.dir/src.c.o  -o cmTC_0f350 
/usr/bin/ld: CMakeFiles/cmTC_0f350.dir/src.c.o: in function `main':
./.obj-x86_64-linux-gnu/CMakeFiles/CMakeTmp/./.obj-x86_64-linux-gnu/CMakeFiles/CMakeTmp/src.c:11: undefined reference to `pthread_create'
/usr/bin/ld: ./.obj-x86_64-linux-gnu/CMakeFiles/CMakeTmp/./.obj-x86_64-linux-gnu/CMakeFiles/CMakeTmp/src.c:12: undefined reference to `pthread_detach'
/usr/bin/ld: ./.obj-x86_64-linux-gnu/CMakeFiles/CMakeTmp/./.obj-x86_64-linux-gnu/CMakeFiles/CMakeTmp/src.c:13: undefined reference to `pthread_join'
collect2: error: ld returned 1 exit status
make[3]: *** [CMakeFiles/cmTC_0f350.dir/build.make:87: cmTC_0f350] Error 1
make[3]: Leaving directory '/home/thinh/nexus_4wd_mecanum_simulator/src/nexus_4wd_mecanum_description/.obj-x86_64-linux-gnu/CMakeFiles/CMakeTmp'
make[2]: *** [Makefile:121: cmTC_0f350/fast] Error 2
make[2]: Leaving directory '/home/thinh/nexus_4wd_mecanum_simulator/src/nexus_4wd_mecanum_description/.obj-x86_64-linux-gnu/CMakeFiles/CMakeTmp'


Source file was:
#include <pthread.h>

void* test_func(void* data)
{
  return data;
}

int main(void)
{
  pthread_t thread;
  pthread_create(&thread, NULL, test_func, NULL);
  pthread_detach(thread);
  pthread_join(thread, NULL);
  pthread_atfork(NULL, NULL, NULL);
  pthread_exit(NULL);

  return 0;
}

Determining if the function pthread_create exists in the pthreads failed with the following output:
Change Dir: /home/thinh/nexus_4wd_mecanum_simulator/src/nexus_4wd_mecanum_description/.obj-x86_64-linux-gnu/CMakeFiles/CMakeTmp

Run Build Command(s):/usr/bin/make cmTC_bdf9a/fast && make[2]: Entering directory '/home/thinh/nexus_4wd_mecanum_simulator/src/nexus_4wd_mecanum_description/.obj-x86_64-linux-gnu/CMakeFiles/CMakeTmp'
/usr/bin/make -f CMakeFiles/cmTC_bdf9a.dir/build.make CMakeFiles/cmTC_bdf9a.dir/build
make[3]: Entering directory '/home/thinh/nexus_4wd_mecanum_simulator/src/nexus_4wd_mecanum_description/.obj-x86_64-linux-gnu/CMakeFiles/CMakeTmp'
Building C object CMakeFiles/cmTC_bdf9a.dir/CheckFunctionExists.c.o
/usr/bin/cc   -g -O2 -fdebug-prefix-map=/home/thinh/nexus_4wd_mecanum_simulator/src/nexus_4wd_mecanum_description=. -fstack-protector-strong -Wformat -Werror=format-security -Wdate-time -D_FORTIFY_SOURCE=2 -DCHECK_FUNCTION_EXISTS=pthread_create   -o CMakeFiles/cmTC_bdf9a.dir/CheckFunctionExists.c.o   -c /usr/share/cmake-3.16/Modules/CheckFunctionExists.c
Linking C executable cmTC_bdf9a
/usr/bin/cmake -E cmake_link_script CMakeFiles/cmTC_bdf9a.dir/link.txt --verbose=1
/usr/bin/cc -g -O2 -fdebug-prefix-map=/home/thinh/nexus_4wd_mecanum_simulator/src/nexus_4wd_mecanum_description=. -fstack-protector-strong -Wformat -Werror=format-security -Wdate-time -D_FORTIFY_SOURCE=2 -DCHECK_FUNCTION_EXISTS=pthread_create    -rdynamic CMakeFiles/cmTC_bdf9a.dir/CheckFunctionExists.c.o  -o cmTC_bdf9a  -lpthreads 
/usr/bin/ld: cannot find -lpthreads
collect2: error: ld returned 1 exit status
make[3]: *** [CMakeFiles/cmTC_bdf9a.dir/build.make:87: cmTC_bdf9a] Error 1
make[3]: Leaving directory '/home/thinh/nexus_4wd_mecanum_simulator/src/nexus_4wd_mecanum_description/.obj-x86_64-linux-gnu/CMakeFiles/CMakeTmp'
make[2]: *** [Makefile:121: cmTC_bdf9a/fast] Error 2
make[2]: Leaving directory '/home/thinh/nexus_4wd_mecanum_simulator/src/nexus_4wd_mecanum_description/.obj-x86_64-linux-gnu/CMakeFiles/CMakeTmp'



